e:\project\program files\camversion\comaucam\comaucam\debug\comaucam.pch
e:\project\program files\camversion\comaucam\comaucam\debug\vc140.pdb
e:\project\program files\camversion\comaucam\comaucam\debug\vc140.idb
e:\project\program files\camversion\comaucam\comaucam\debug\stdafx.obj
e:\project\program files\camversion\comaucam\comaucam\debug\comaucamview.obj
e:\project\program files\camversion\comaucam\comaucam\debug\displaydlg.obj
e:\project\program files\camversion\comaucam\comaucam\debug\fileview.obj
e:\project\program files\camversion\comaucam\comaucam\debug\gcode.obj
e:\project\program files\camversion\comaucam\comaucam\debug\gemobase.obj
e:\project\program files\camversion\comaucam\comaucam\debug\layer.obj
e:\project\program files\camversion\comaucam\comaucam\debug\layerdlg.obj
e:\project\program files\camversion\comaucam\comaucam\debug\lvertex.obj
e:\project\program files\camversion\comaucam\comaucam\debug\mainfrm.obj
e:\project\program files\camversion\comaucam\comaucam\debug\opengl.obj
e:\project\program files\camversion\comaucam\comaucam\debug\outputwnd.obj
e:\project\program files\camversion\comaucam\comaucam\debug\propertieswnd.obj
e:\project\program files\camversion\comaucam\comaucam\debug\slice.obj
e:\project\program files\camversion\comaucam\comaucam\debug\slicedlg.obj
e:\project\program files\camversion\comaucam\comaucam\debug\stlmodel.obj
e:\project\program files\camversion\comaucam\comaucam\debug\sweep.obj
e:\project\program files\camversion\comaucam\comaucam\debug\sweepdlg.obj
e:\project\program files\camversion\comaucam\comaucam\debug\transferdlg.obj
e:\project\program files\camversion\comaucam\comaucam\debug\triangle.obj
e:\project\program files\camversion\comaucam\comaucam\debug\viewtree.obj
e:\project\program files\camversion\comaucam\comaucam\debug\classview.obj
e:\project\program files\camversion\comaucam\comaucam\debug\comaucam.obj
e:\project\program files\camversion\comaucam\comaucam\debug\comaucamdoc.obj
e:\project\program files\camversion\comaucam\debug\comaucam.lib
e:\project\program files\camversion\comaucam\debug\comaucam.exp
e:\project\program files\camversion\comaucam\debug\comaucam.ilk
e:\project\program files\camversion\comaucam\debug\comaucam.exe
e:\project\program files\camversion\comaucam\debug\comaucam.pdb
e:\project\program files\camversion\comaucam\comaucam\debug\comaucam.res
e:\project\program files\camversion\comaucam\comaucam\debug\comaucam.tlog\cl.command.1.tlog
e:\project\program files\camversion\comaucam\comaucam\debug\comaucam.tlog\cl.read.1.tlog
e:\project\program files\camversion\comaucam\comaucam\debug\comaucam.tlog\cl.write.1.tlog
e:\project\program files\camversion\comaucam\comaucam\debug\comaucam.tlog\comaucam.write.1u.tlog
e:\project\program files\camversion\comaucam\comaucam\debug\comaucam.tlog\link.command.1.tlog
e:\project\program files\camversion\comaucam\comaucam\debug\comaucam.tlog\link.read.1.tlog
e:\project\program files\camversion\comaucam\comaucam\debug\comaucam.tlog\link.write.1.tlog
e:\project\program files\camversion\comaucam\comaucam\debug\comaucam.tlog\rc.command.1.tlog
e:\project\program files\camversion\comaucam\comaucam\debug\comaucam.tlog\rc.read.1.tlog
e:\project\program files\camversion\comaucam\comaucam\debug\comaucam.tlog\rc.write.1.tlog
